    OpenRGB v0.9+ (1.0rc2)
    Commit:  from 
    Launched: 20260111_074541
====================================================================================================

0     |Info:    [ProfileManager] Found file: Amber.orp attempting to validate header
0     |Info:    [ProfileManager] Valid v5 profile found for Amber
52    |Info:    [ResourceManager] Initializing HID interfaces: Success
52    |Info:    ------------------------------------------------------
52    |Info:    |               Start device detection               |
52    |Info:    ------------------------------------------------------
59    |Info:    ------------------------------------------------------
59    |Info:    |             Detecting I2C interfaces               |
59    |Info:    ------------------------------------------------------
60    |Info:    [ResourceManager] Registering I2C interface: /dev/i2c-3 Device 0000:0000 Subsystem: 0000:0000
60    |Info:    [ResourceManager] Registering I2C interface: /dev/i2c-10 Device 8086:4680 Subsystem: 1458:D000
60    |Info:    [ResourceManager] Registering I2C interface: /dev/i2c-1 Device 0000:0000 Subsystem: 0000:0000
60    |Info:    [ResourceManager] Registering I2C interface: /dev/i2c-8 Device 8086:4680 Subsystem: 1458:D000
60    |Warning: [i2c_smbus_linux] Failed to read i2c device PCI device ID
60    |Info:    [ResourceManager] Registering I2C interface: /dev/i2c-15 Device 0000:0000 Subsystem: 0000:0000
60    |Info:    [ResourceManager] Registering I2C interface: /dev/i2c-6 Device 8086:4680 Subsystem: 1458:D000
60    |Info:    [ResourceManager] Registering I2C interface: /dev/i2c-13 Device 8086:4680 Subsystem: 1458:D000
60    |Info:    [ResourceManager] Registering I2C interface: /dev/i2c-4 Device 0000:0000 Subsystem: 0000:0000
60    |Info:    [ResourceManager] Registering I2C interface: /dev/i2c-11 Device 8086:4680 Subsystem: 1458:D000
60    |Info:    [ResourceManager] Registering I2C interface: /dev/i2c-2 Device 0000:0000 Subsystem: 0000:0000
60    |Info:    [ResourceManager] Registering I2C interface: /dev/i2c-0 Device 0000:0000 Subsystem: 0000:0000
60    |Info:    [ResourceManager] Registering I2C interface: /dev/i2c-9 Device 8086:4680 Subsystem: 1458:D000
60    |Info:    [ResourceManager] Registering I2C interface: /dev/i2c-16 Device 8086:7A23 Subsystem: 1458:5001
60    |Info:    [ResourceManager] Registering I2C interface: /dev/i2c-7 Device 8086:4680 Subsystem: 1458:D000
60    |Info:    [ResourceManager] Registering I2C interface: /dev/i2c-14 Device 8086:4680 Subsystem: 1458:D000
60    |Info:    [ResourceManager] Registering I2C interface: /dev/i2c-5 Device 0000:0000 Subsystem: 0000:0000
60    |Info:    [ResourceManager] Registering I2C interface: /dev/i2c-12 Device 8086:4680 Subsystem: 1458:D000
60    |Info:    ------------------------------------------------------
60    |Info:    |               Detecting I2C devices                |
60    |Info:    ------------------------------------------------------
453   |Info:    ------------------------------------------------------
453   |Info:    |            Detecting I2C DIMM modules              |
453   |Info:    ------------------------------------------------------
519   |Info:    [ResourceManager] Detected occupied slot 2, bus 12, type óúAWAVAUI‰õATUSHƒìH‹Ÿø
580   |Info:    [ResourceManager] Detected occupied slot 4, bus 12, type óúAWAVAUI‰õATUSHƒìH‹Ÿø
580   |Info:    ------------------------------------------------------
580   |Info:    |               Detecting I2C PCI devices            |
580   |Info:    ------------------------------------------------------
582   |Info:    ------------------------------------------------------
582   |Info:    |               Detecting HID devices                |
582   |Info:    ------------------------------------------------------
703   |Info:    [B760M AORUS ELITE AX] Registering RGB controller
705   |Info:    [Keychron Gaming Keyboard 1] Registering RGB controller
705   |Info:    ------------------------------------------------------
705   |Info:    |            Detecting libusb HID devices            |
705   |Info:    ------------------------------------------------------
728   |Info:    ------------------------------------------------------
728   |Info:    |              Detecting other devices               |
728   |Info:    ------------------------------------------------------
742   |Info:    [ResourceManager] Calling Post-detection callbacks
742   |Info:    ------------------------------------------------------
742   |Info:    |                Detection completed                 |
742   |Info:    ------------------------------------------------------
742   |Info:    [ProfileManager] Profile loading: Succeeded for B760M AORUS ELITE AX @ HID: /dev/hidraw4
742   |Info:    [ProfileManager] Profile loading: FAILED! for Keychron Gaming Keyboard 1 @ HID: /dev/hidraw7
