    OpenRGB v0.9+ (1.0rc2)
    Commit:  from 
    Launched: 20260110_135500
====================================================================================================

0     |Info:    [ProfileManager] Found file: Amber.orp attempting to validate header
0     |Info:    [ProfileManager] Valid v5 profile found for Amber
52    |Info:    [ResourceManager] Initializing HID interfaces: Success
52    |Info:    ------------------------------------------------------
52    |Info:    |               Start device detection               |
52    |Info:    ------------------------------------------------------
61    |Info:    ------------------------------------------------------
61    |Info:    |             Detecting I2C interfaces               |
61    |Info:    ------------------------------------------------------
61    |Info:    [ResourceManager] Registering I2C interface: /dev/i2c-3 Device 0000:0000 Subsystem: 0000:0000
61    |Info:    [ResourceManager] Registering I2C interface: /dev/i2c-10 Device 8086:4680 Subsystem: 1458:D000
61    |Info:    [ResourceManager] Registering I2C interface: /dev/i2c-1 Device 0000:0000 Subsystem: 0000:0000
61    |Info:    [ResourceManager] Registering I2C interface: /dev/i2c-8 Device 8086:4680 Subsystem: 1458:D000
61    |Warning: [i2c_smbus_linux] Failed to read i2c device PCI device ID
61    |Info:    [ResourceManager] Registering I2C interface: /dev/i2c-15 Device 0000:0000 Subsystem: 0000:0000
61    |Info:    [ResourceManager] Registering I2C interface: /dev/i2c-6 Device 8086:4680 Subsystem: 1458:D000
61    |Info:    [ResourceManager] Registering I2C interface: /dev/i2c-13 Device 8086:4680 Subsystem: 1458:D000
61    |Info:    [ResourceManager] Registering I2C interface: /dev/i2c-4 Device 0000:0000 Subsystem: 0000:0000
61    |Info:    [ResourceManager] Registering I2C interface: /dev/i2c-11 Device 8086:4680 Subsystem: 1458:D000
61    |Info:    [ResourceManager] Registering I2C interface: /dev/i2c-2 Device 0000:0000 Subsystem: 0000:0000
61    |Info:    [ResourceManager] Registering I2C interface: /dev/i2c-0 Device 0000:0000 Subsystem: 0000:0000
61    |Info:    [ResourceManager] Registering I2C interface: /dev/i2c-9 Device 8086:4680 Subsystem: 1458:D000
61    |Info:    [ResourceManager] Registering I2C interface: /dev/i2c-16 Device 8086:7A23 Subsystem: 1458:5001
61    |Info:    [ResourceManager] Registering I2C interface: /dev/i2c-7 Device 8086:4680 Subsystem: 1458:D000
61    |Info:    [ResourceManager] Registering I2C interface: /dev/i2c-14 Device 8086:4680 Subsystem: 1458:D000
61    |Info:    [ResourceManager] Registering I2C interface: /dev/i2c-5 Device 0000:0000 Subsystem: 0000:0000
61    |Info:    [ResourceManager] Registering I2C interface: /dev/i2c-12 Device 8086:4680 Subsystem: 1458:D000
61    |Info:    ------------------------------------------------------
61    |Info:    |               Detecting I2C devices                |
61    |Info:    ------------------------------------------------------
455   |Info:    ------------------------------------------------------
455   |Info:    |            Detecting I2C DIMM modules              |
455   |Info:    ------------------------------------------------------
519   |Info:    [ResourceManager] Detected occupied slot 2, bus 12, type óúSHƒì H‹VdH‹%(
579   |Info:    [ResourceManager] Detected occupied slot 4, bus 12, type óúSHƒì H‹VdH‹%(
579   |Info:    ------------------------------------------------------
579   |Info:    |               Detecting I2C PCI devices            |
579   |Info:    ------------------------------------------------------
581   |Info:    ------------------------------------------------------
581   |Info:    |               Detecting HID devices                |
581   |Info:    ------------------------------------------------------
702   |Info:    [B760M AORUS ELITE AX] Registering RGB controller
704   |Info:    [Keychron Gaming Keyboard 1] Registering RGB controller
704   |Info:    ------------------------------------------------------
704   |Info:    |            Detecting libusb HID devices            |
704   |Info:    ------------------------------------------------------
730   |Info:    ------------------------------------------------------
730   |Info:    |              Detecting other devices               |
730   |Info:    ------------------------------------------------------
744   |Info:    [ResourceManager] Calling Post-detection callbacks
744   |Info:    ------------------------------------------------------
744   |Info:    |                Detection completed                 |
744   |Info:    ------------------------------------------------------
744   |Info:    [ProfileManager] Profile loading: Succeeded for B760M AORUS ELITE AX @ HID: /dev/hidraw4
744   |Info:    [ProfileManager] Profile loading: FAILED! for Keychron Gaming Keyboard 1 @ HID: /dev/hidraw7
