    OpenRGB v0.9+ (1.0rc2)
    Commit:  from 
    Launched: 20260108_125703
====================================================================================================

0     |Info:    [ProfileManager] Found file: Amber.orp attempting to validate header
0     |Info:    [ProfileManager] Valid v5 profile found for Amber
53    |Info:    [ResourceManager] Initializing HID interfaces: Success
53    |Info:    ------------------------------------------------------
53    |Info:    |               Start device detection               |
53    |Info:    ------------------------------------------------------
57    |Info:    ------------------------------------------------------
57    |Info:    |             Detecting I2C interfaces               |
57    |Info:    ------------------------------------------------------
57    |Info:    [ResourceManager] Registering I2C interface: /dev/i2c-3 Device 0000:0000 Subsystem: 0000:0000
57    |Info:    [ResourceManager] Registering I2C interface: /dev/i2c-10 Device 8086:4680 Subsystem: 1458:D000
57    |Info:    [ResourceManager] Registering I2C interface: /dev/i2c-1 Device 0000:0000 Subsystem: 0000:0000
57    |Info:    [ResourceManager] Registering I2C interface: /dev/i2c-8 Device 8086:4680 Subsystem: 1458:D000
57    |Warning: [i2c_smbus_linux] Failed to read i2c device PCI device ID
57    |Info:    [ResourceManager] Registering I2C interface: /dev/i2c-15 Device 0000:0000 Subsystem: 0000:0000
57    |Info:    [ResourceManager] Registering I2C interface: /dev/i2c-6 Device 8086:4680 Subsystem: 1458:D000
57    |Info:    [ResourceManager] Registering I2C interface: /dev/i2c-13 Device 8086:4680 Subsystem: 1458:D000
57    |Info:    [ResourceManager] Registering I2C interface: /dev/i2c-4 Device 0000:0000 Subsystem: 0000:0000
57    |Info:    [ResourceManager] Registering I2C interface: /dev/i2c-11 Device 8086:4680 Subsystem: 1458:D000
57    |Info:    [ResourceManager] Registering I2C interface: /dev/i2c-2 Device 0000:0000 Subsystem: 0000:0000
57    |Info:    [ResourceManager] Registering I2C interface: /dev/i2c-0 Device 0000:0000 Subsystem: 0000:0000
57    |Info:    [ResourceManager] Registering I2C interface: /dev/i2c-9 Device 8086:4680 Subsystem: 1458:D000
57    |Info:    [ResourceManager] Registering I2C interface: /dev/i2c-16 Device 8086:7A23 Subsystem: 1458:5001
57    |Info:    [ResourceManager] Registering I2C interface: /dev/i2c-7 Device 8086:4680 Subsystem: 1458:D000
57    |Info:    [ResourceManager] Registering I2C interface: /dev/i2c-14 Device 8086:4680 Subsystem: 1458:D000
57    |Info:    [ResourceManager] Registering I2C interface: /dev/i2c-5 Device 0000:0000 Subsystem: 0000:0000
57    |Info:    [ResourceManager] Registering I2C interface: /dev/i2c-12 Device 8086:4680 Subsystem: 1458:D000
57    |Info:    ------------------------------------------------------
57    |Info:    |               Detecting I2C devices                |
57    |Info:    ------------------------------------------------------
465   |Info:    ------------------------------------------------------
465   |Info:    |            Detecting I2C DIMM modules              |
465   |Info:    ------------------------------------------------------
471   |Info:    [ResourceManager] Detected occupied slot 2, bus 12, type óúS‰ÒHƒì H‹Ž0
472   |Info:    [ResourceManager] Detected occupied slot 4, bus 12, type óúS‰ÒHƒì H‹Ž0
472   |Info:    ------------------------------------------------------
472   |Info:    |               Detecting I2C PCI devices            |
472   |Info:    ------------------------------------------------------
476   |Info:    ------------------------------------------------------
476   |Info:    |               Detecting HID devices                |
476   |Info:    ------------------------------------------------------
595   |Info:    [B760M AORUS ELITE AX] Registering RGB controller
595   |Info:    ------------------------------------------------------
595   |Info:    |            Detecting libusb HID devices            |
595   |Info:    ------------------------------------------------------
607   |Info:    ------------------------------------------------------
607   |Info:    |              Detecting other devices               |
607   |Info:    ------------------------------------------------------
618   |Info:    [ResourceManager] Calling Post-detection callbacks
618   |Info:    ------------------------------------------------------
618   |Info:    |                Detection completed                 |
618   |Info:    ------------------------------------------------------
5300  |Info:    [ProfileManager] Profile loading: Succeeded for B760M AORUS ELITE AX @ HID: /dev/hidraw2
11921 |Info:    [ProfileManager] Found file: Amber.orp attempting to validate header
11921 |Info:    [ProfileManager] Valid v5 profile found for Amber
