    OpenRGB v0.9+ (1.0rc2)
    Commit:  from 
    Launched: 20260112_083315
====================================================================================================

0     |Info:    [ProfileManager] Found file: Amber.orp attempting to validate header
0     |Info:    [ProfileManager] Valid v5 profile found for Amber
53    |Info:    [ResourceManager] Initializing HID interfaces: Success
53    |Info:    ------------------------------------------------------
53    |Info:    |               Start device detection               |
53    |Info:    ------------------------------------------------------
66    |Info:    ------------------------------------------------------
66    |Info:    |             Detecting I2C interfaces               |
66    |Info:    ------------------------------------------------------
66    |Info:    [ResourceManager] Registering I2C interface: /dev/i2c-3 Device 0000:0000 Subsystem: 0000:0000
66    |Info:    [ResourceManager] Registering I2C interface: /dev/i2c-10 Device 8086:4680 Subsystem: 1458:D000
66    |Info:    [ResourceManager] Registering I2C interface: /dev/i2c-1 Device 0000:0000 Subsystem: 0000:0000
66    |Info:    [ResourceManager] Registering I2C interface: /dev/i2c-8 Device 8086:4680 Subsystem: 1458:D000
66    |Warning: [i2c_smbus_linux] Failed to read i2c device PCI device ID
66    |Info:    [ResourceManager] Registering I2C interface: /dev/i2c-15 Device 0000:0000 Subsystem: 0000:0000
66    |Info:    [ResourceManager] Registering I2C interface: /dev/i2c-6 Device 8086:4680 Subsystem: 1458:D000
66    |Info:    [ResourceManager] Registering I2C interface: /dev/i2c-13 Device 8086:4680 Subsystem: 1458:D000
66    |Info:    [ResourceManager] Registering I2C interface: /dev/i2c-4 Device 0000:0000 Subsystem: 0000:0000
66    |Info:    [ResourceManager] Registering I2C interface: /dev/i2c-11 Device 8086:4680 Subsystem: 1458:D000
66    |Info:    [ResourceManager] Registering I2C interface: /dev/i2c-2 Device 0000:0000 Subsystem: 0000:0000
66    |Info:    [ResourceManager] Registering I2C interface: /dev/i2c-0 Device 0000:0000 Subsystem: 0000:0000
66    |Info:    [ResourceManager] Registering I2C interface: /dev/i2c-9 Device 8086:4680 Subsystem: 1458:D000
66    |Info:    [ResourceManager] Registering I2C interface: /dev/i2c-16 Device 8086:7A23 Subsystem: 1458:5001
66    |Info:    [ResourceManager] Registering I2C interface: /dev/i2c-7 Device 8086:4680 Subsystem: 1458:D000
66    |Info:    [ResourceManager] Registering I2C interface: /dev/i2c-14 Device 8086:4680 Subsystem: 1458:D000
66    |Info:    [ResourceManager] Registering I2C interface: /dev/i2c-5 Device 0000:0000 Subsystem: 0000:0000
66    |Info:    [ResourceManager] Registering I2C interface: /dev/i2c-12 Device 8086:4680 Subsystem: 1458:D000
66    |Info:    ------------------------------------------------------
66    |Info:    |               Detecting I2C devices                |
66    |Info:    ------------------------------------------------------
461   |Info:    ------------------------------------------------------
461   |Info:    |            Detecting I2C DIMM modules              |
461   |Info:    ------------------------------------------------------
526   |Info:    [ResourceManager] Detected occupied slot 2, bus 12, type Key: Left Control
586   |Info:    [ResourceManager] Detected occupied slot 4, bus 12, type Key: Left Control
587   |Info:    ------------------------------------------------------
587   |Info:    |               Detecting I2C PCI devices            |
587   |Info:    ------------------------------------------------------
588   |Info:    ------------------------------------------------------
588   |Info:    |               Detecting HID devices                |
588   |Info:    ------------------------------------------------------
708   |Info:    [B760M AORUS ELITE AX] Registering RGB controller
709   |Info:    [Keychron Gaming Keyboard 1] Registering RGB controller
710   |Info:    ------------------------------------------------------
710   |Info:    |            Detecting libusb HID devices            |
710   |Info:    ------------------------------------------------------
726   |Info:    ------------------------------------------------------
726   |Info:    |              Detecting other devices               |
726   |Info:    ------------------------------------------------------
742   |Info:    [ResourceManager] Calling Post-detection callbacks
742   |Info:    ------------------------------------------------------
742   |Info:    |                Detection completed                 |
742   |Info:    ------------------------------------------------------
742   |Info:    [ProfileManager] Profile loading: Succeeded for B760M AORUS ELITE AX @ HID: /dev/hidraw4
742   |Info:    [ProfileManager] Profile loading: FAILED! for Keychron Gaming Keyboard 1 @ HID: /dev/hidraw7
