    OpenRGB v0.9+ (1.0rc2)
    Commit:  from 
    Launched: 20260113_095728
====================================================================================================

1     |Info:    [ProfileManager] Found file: Amber.orp attempting to validate header
1     |Info:    [ProfileManager] Valid v5 profile found for Amber
55    |Info:    [ResourceManager] Initializing HID interfaces: Success
55    |Info:    ------------------------------------------------------
55    |Info:    |               Start device detection               |
55    |Info:    ------------------------------------------------------
64    |Info:    ------------------------------------------------------
64    |Info:    |             Detecting I2C interfaces               |
64    |Info:    ------------------------------------------------------
64    |Info:    [ResourceManager] Registering I2C interface: /dev/i2c-3 Device 0000:0000 Subsystem: 0000:0000
64    |Info:    [ResourceManager] Registering I2C interface: /dev/i2c-10 Device 8086:4680 Subsystem: 1458:D000
64    |Info:    [ResourceManager] Registering I2C interface: /dev/i2c-1 Device 0000:0000 Subsystem: 0000:0000
64    |Info:    [ResourceManager] Registering I2C interface: /dev/i2c-8 Device 8086:4680 Subsystem: 1458:D000
64    |Warning: [i2c_smbus_linux] Failed to read i2c device PCI device ID
64    |Info:    [ResourceManager] Registering I2C interface: /dev/i2c-15 Device 0000:0000 Subsystem: 0000:0000
64    |Info:    [ResourceManager] Registering I2C interface: /dev/i2c-6 Device 8086:4680 Subsystem: 1458:D000
64    |Info:    [ResourceManager] Registering I2C interface: /dev/i2c-13 Device 8086:4680 Subsystem: 1458:D000
64    |Info:    [ResourceManager] Registering I2C interface: /dev/i2c-4 Device 0000:0000 Subsystem: 0000:0000
64    |Info:    [ResourceManager] Registering I2C interface: /dev/i2c-11 Device 8086:4680 Subsystem: 1458:D000
64    |Info:    [ResourceManager] Registering I2C interface: /dev/i2c-2 Device 0000:0000 Subsystem: 0000:0000
64    |Info:    [ResourceManager] Registering I2C interface: /dev/i2c-0 Device 0000:0000 Subsystem: 0000:0000
64    |Info:    [ResourceManager] Registering I2C interface: /dev/i2c-9 Device 8086:4680 Subsystem: 1458:D000
65    |Info:    [ResourceManager] Registering I2C interface: /dev/i2c-16 Device 8086:7A23 Subsystem: 1458:5001
65    |Info:    [ResourceManager] Registering I2C interface: /dev/i2c-7 Device 8086:4680 Subsystem: 1458:D000
65    |Info:    [ResourceManager] Registering I2C interface: /dev/i2c-14 Device 8086:4680 Subsystem: 1458:D000
65    |Info:    [ResourceManager] Registering I2C interface: /dev/i2c-5 Device 0000:0000 Subsystem: 0000:0000
65    |Info:    [ResourceManager] Registering I2C interface: /dev/i2c-12 Device 8086:4680 Subsystem: 1458:D000
65    |Info:    ------------------------------------------------------
65    |Info:    |               Detecting I2C devices                |
65    |Info:    ------------------------------------------------------
460   |Info:    ------------------------------------------------------
460   |Info:    |            Detecting I2C DIMM modules              |
460   |Info:    ------------------------------------------------------
523   |Info:    [ResourceManager] Detected occupied slot 2, bus 12, type Key: Number Pad .
583   |Info:    [ResourceManager] Detected occupied slot 4, bus 12, type Key: Number Pad .
583   |Info:    ------------------------------------------------------
583   |Info:    |               Detecting I2C PCI devices            |
583   |Info:    ------------------------------------------------------
585   |Info:    ------------------------------------------------------
585   |Info:    |               Detecting HID devices                |
585   |Info:    ------------------------------------------------------
705   |Info:    [B760M AORUS ELITE AX] Registering RGB controller
705   |Info:    [Keychron Gaming Keyboard 1] Registering RGB controller
705   |Info:    ------------------------------------------------------
705   |Info:    |            Detecting libusb HID devices            |
705   |Info:    ------------------------------------------------------
717   |Info:    ------------------------------------------------------
717   |Info:    |              Detecting other devices               |
717   |Info:    ------------------------------------------------------
724   |Info:    [ResourceManager] Calling Post-detection callbacks
724   |Info:    ------------------------------------------------------
724   |Info:    |                Detection completed                 |
724   |Info:    ------------------------------------------------------
725   |Info:    [ProfileManager] Profile loading: Succeeded for B760M AORUS ELITE AX @ HID: /dev/hidraw4
725   |Info:    [ProfileManager] Profile loading: FAILED! for Keychron Gaming Keyboard 1 @ HID: /dev/hidraw7
