    OpenRGB v0.9+ (1.0rc2)
    Commit:  from 
    Launched: 20260113_130818
====================================================================================================

0     |Info:    [ProfileManager] Found file: Amber.orp attempting to validate header
0     |Info:    [ProfileManager] Valid v5 profile found for Amber
52    |Info:    [ResourceManager] Initializing HID interfaces: Success
52    |Info:    ------------------------------------------------------
52    |Info:    |               Start device detection               |
52    |Info:    ------------------------------------------------------
63    |Info:    ------------------------------------------------------
63    |Info:    |             Detecting I2C interfaces               |
63    |Info:    ------------------------------------------------------
63    |Info:    [ResourceManager] Registering I2C interface: /dev/i2c-3 Device 0000:0000 Subsystem: 0000:0000
63    |Info:    [ResourceManager] Registering I2C interface: /dev/i2c-10 Device 8086:4680 Subsystem: 1458:D000
63    |Info:    [ResourceManager] Registering I2C interface: /dev/i2c-1 Device 0000:0000 Subsystem: 0000:0000
63    |Info:    [ResourceManager] Registering I2C interface: /dev/i2c-8 Device 8086:4680 Subsystem: 1458:D000
63    |Warning: [i2c_smbus_linux] Failed to read i2c device PCI device ID
63    |Info:    [ResourceManager] Registering I2C interface: /dev/i2c-15 Device 0000:0000 Subsystem: 0000:0000
64    |Info:    [ResourceManager] Registering I2C interface: /dev/i2c-6 Device 8086:4680 Subsystem: 1458:D000
64    |Info:    [ResourceManager] Registering I2C interface: /dev/i2c-13 Device 8086:4680 Subsystem: 1458:D000
64    |Info:    [ResourceManager] Registering I2C interface: /dev/i2c-4 Device 0000:0000 Subsystem: 0000:0000
64    |Info:    [ResourceManager] Registering I2C interface: /dev/i2c-11 Device 8086:4680 Subsystem: 1458:D000
64    |Info:    [ResourceManager] Registering I2C interface: /dev/i2c-2 Device 0000:0000 Subsystem: 0000:0000
64    |Info:    [ResourceManager] Registering I2C interface: /dev/i2c-0 Device 0000:0000 Subsystem: 0000:0000
64    |Info:    [ResourceManager] Registering I2C interface: /dev/i2c-9 Device 8086:4680 Subsystem: 1458:D000
64    |Info:    [ResourceManager] Registering I2C interface: /dev/i2c-16 Device 8086:7A23 Subsystem: 1458:5001
64    |Info:    [ResourceManager] Registering I2C interface: /dev/i2c-7 Device 8086:4680 Subsystem: 1458:D000
64    |Info:    [ResourceManager] Registering I2C interface: /dev/i2c-14 Device 8086:4680 Subsystem: 1458:D000
64    |Info:    [ResourceManager] Registering I2C interface: /dev/i2c-5 Device 0000:0000 Subsystem: 0000:0000
64    |Info:    [ResourceManager] Registering I2C interface: /dev/i2c-12 Device 8086:4680 Subsystem: 1458:D000
64    |Info:    ------------------------------------------------------
64    |Info:    |               Detecting I2C devices                |
64    |Info:    ------------------------------------------------------
458   |Info:    ------------------------------------------------------
458   |Info:    |            Detecting I2C DIMM modules              |
458   |Info:    ------------------------------------------------------
522   |Info:    [ResourceManager] Detected occupied slot 2, bus 12, type óú¸
583   |Info:    [ResourceManager] Detected occupied slot 4, bus 12, type óú¸
583   |Info:    ------------------------------------------------------
583   |Info:    |               Detecting I2C PCI devices            |
583   |Info:    ------------------------------------------------------
584   |Info:    ------------------------------------------------------
584   |Info:    |               Detecting HID devices                |
584   |Info:    ------------------------------------------------------
705   |Info:    [B760M AORUS ELITE AX] Registering RGB controller
706   |Info:    [Keychron Gaming Keyboard 1] Registering RGB controller
706   |Info:    ------------------------------------------------------
706   |Info:    |            Detecting libusb HID devices            |
706   |Info:    ------------------------------------------------------
718   |Info:    ------------------------------------------------------
718   |Info:    |              Detecting other devices               |
718   |Info:    ------------------------------------------------------
730   |Info:    [ResourceManager] Calling Post-detection callbacks
730   |Info:    ------------------------------------------------------
730   |Info:    |                Detection completed                 |
730   |Info:    ------------------------------------------------------
731   |Info:    [ProfileManager] Profile loading: Succeeded for B760M AORUS ELITE AX @ HID: /dev/hidraw4
731   |Info:    [ProfileManager] Profile loading: FAILED! for Keychron Gaming Keyboard 1 @ HID: /dev/hidraw7
