    OpenRGB v0.9+ (1.0rc2)
    Commit:  from 
    Launched: 20260107_182118
====================================================================================================

52    |Info:    [ResourceManager] Initializing HID interfaces: Success
52    |Info:    ------------------------------------------------------
52    |Info:    |               Start device detection               |
52    |Info:    ------------------------------------------------------
58    |Info:    ------------------------------------------------------
58    |Info:    |             Detecting I2C interfaces               |
58    |Info:    ------------------------------------------------------
58    |Info:    [ResourceManager] Registering I2C interface: /dev/i2c-3 Device 0000:0000 Subsystem: 0000:0000
58    |Info:    [ResourceManager] Registering I2C interface: /dev/i2c-10 Device 8086:4680 Subsystem: 1458:D000
58    |Info:    [ResourceManager] Registering I2C interface: /dev/i2c-1 Device 0000:0000 Subsystem: 0000:0000
58    |Info:    [ResourceManager] Registering I2C interface: /dev/i2c-8 Device 8086:4680 Subsystem: 1458:D000
58    |Warning: [i2c_smbus_linux] Failed to read i2c device PCI device ID
58    |Info:    [ResourceManager] Registering I2C interface: /dev/i2c-15 Device 0000:0000 Subsystem: 0000:0000
58    |Info:    [ResourceManager] Registering I2C interface: /dev/i2c-6 Device 8086:4680 Subsystem: 1458:D000
58    |Info:    [ResourceManager] Registering I2C interface: /dev/i2c-13 Device 8086:4680 Subsystem: 1458:D000
58    |Info:    [ResourceManager] Registering I2C interface: /dev/i2c-4 Device 0000:0000 Subsystem: 0000:0000
58    |Info:    [ResourceManager] Registering I2C interface: /dev/i2c-11 Device 8086:4680 Subsystem: 1458:D000
58    |Info:    [ResourceManager] Registering I2C interface: /dev/i2c-2 Device 0000:0000 Subsystem: 0000:0000
58    |Info:    [ResourceManager] Registering I2C interface: /dev/i2c-0 Device 0000:0000 Subsystem: 0000:0000
58    |Info:    [ResourceManager] Registering I2C interface: /dev/i2c-9 Device 8086:4680 Subsystem: 1458:D000
58    |Info:    [ResourceManager] Registering I2C interface: /dev/i2c-16 Device 8086:7A23 Subsystem: 1458:5001
58    |Info:    [ResourceManager] Registering I2C interface: /dev/i2c-7 Device 8086:4680 Subsystem: 1458:D000
58    |Info:    [ResourceManager] Registering I2C interface: /dev/i2c-14 Device 8086:4680 Subsystem: 1458:D000
59    |Info:    [ResourceManager] Registering I2C interface: /dev/i2c-5 Device 0000:0000 Subsystem: 0000:0000
59    |Info:    [ResourceManager] Registering I2C interface: /dev/i2c-12 Device 8086:4680 Subsystem: 1458:D000
59    |Info:    ------------------------------------------------------
59    |Info:    |               Detecting I2C devices                |
59    |Info:    ------------------------------------------------------
476   |Info:    ------------------------------------------------------
476   |Info:    |            Detecting I2C DIMM modules              |
476   |Info:    ------------------------------------------------------
483   |Info:    [ResourceManager] Detected occupied slot 2, bus 12, type óúAW¹ic
484   |Info:    [ResourceManager] Detected occupied slot 4, bus 12, type óúAW¹ic
484   |Info:    ------------------------------------------------------
484   |Info:    |               Detecting I2C PCI devices            |
484   |Info:    ------------------------------------------------------
488   |Info:    ------------------------------------------------------
488   |Info:    |               Detecting HID devices                |
488   |Info:    ------------------------------------------------------
608   |Info:    [B760M AORUS ELITE AX] Registering RGB controller
609   |Info:    ------------------------------------------------------
609   |Info:    |            Detecting libusb HID devices            |
609   |Info:    ------------------------------------------------------
622   |Info:    ------------------------------------------------------
622   |Info:    |              Detecting other devices               |
622   |Info:    ------------------------------------------------------
628   |Info:    [ResourceManager] Calling Post-detection callbacks
629   |Info:    ------------------------------------------------------
629   |Info:    |                Detection completed                 |
629   |Info:    ------------------------------------------------------
97024 |Info:    [ProfileManager] Found file: Amber.orp attempting to validate header
97024 |Info:    [ProfileManager] Valid v5 profile found for Amber
